
> youtangzhineng@0.1.0 dev
> next dev --hostname 127.0.0.1 --port 3005

▲ Next.js 16.1.6 (Turbopack)
- Local:         http://127.0.0.1:3005
- Network:       http://127.0.0.1:3005
- Environments: .env.local

✓ Starting...
Creating turbopack project { dir: 'E:\\Projects\\youtangzhineng', testMode: true }
✓ Ready in 920ms
 GET /dashboard 200 in 1885ms (compile: 1667ms, render: 217ms)
 GET /api/asr-token 200 in 77ms (compile: 63ms, render: 14ms)
 GET /dashboard 200 in 63ms (compile: 4ms, render: 59ms)
 GET /hospital 200 in 392ms (compile: 87ms, render: 305ms)
 GET /imgs/%E8%81%82%E6%85%A7%E6%95%8F.png 404 in 195ms (compile: 86ms, render: 109ms)
 GET /imgs/%E6%AC%A7%E9%98%B3%E5%AD%98.png 404 in 210ms (compile: 115ms, render: 95ms)
 GET /imgs/%E9%BB%84%E5%AE%8F%E5%8D%8E.png 404 in 198ms (compile: 151ms, render: 48ms)
 GET /api/asr-token 200 in 9ms (compile: 4ms, render: 5ms)
 GET /ai-chat 200 in 347ms (compile: 312ms, render: 35ms)
 GET /ai-chat 200 in 19ms (compile: 2ms, render: 16ms)
 GET /ai-chat 200 in 54ms (compile: 4ms, render: 50ms)
 GET /api/asr-token 200 in 8ms (compile: 3ms, render: 4ms)
 GET /api/asr-token 200 in 5ms (compile: 2ms, render: 3ms)
✓ Compiled in 464ms
